Arguments: 
  /usr/local/bin/node /usr/local/bin/yarn add apollo-server cors dotenv mongoose

PATH: 
  /Users/ghislain/Downloads/development/flutter/bin:/Library/Frameworks/Python.framework/Versions/3.10/bin:/usr/local/bin:/usr/bin:/bin:/usr/sbin:/sbin:/opt/X11/bin:/Users/ghislain/Downloads/development/flutter/bin:/Library/Frameworks/Python.framework/Versions/3.10/bin

Yarn version: 
  1.22.18

Node version: 
  16.14.2

Platform: 
  darwin x64

Trace: 
  Error: https://registry.yarnpkg.com/apollo-server: ETIMEDOUT
      at Timeout._onTimeout (/usr/local/lib/node_modules/yarn/lib/cli.js:141543:19)
      at listOnTimeout (node:internal/timers:559:17)
      at processTimers (node:internal/timers:502:7)

npm manifest: 
  {
    "name": "server",
    "version": "1.0.0",
    "description": "",
    "main": "index.js",
    "scripts": {
      "test": "echo \"Error: no test specified\" && exit 1"
    },
    "author": "",
    "license": "ISC"
  }

yarn manifest: 
  No manifest

Lockfile: 
  No lockfile
